[1204/220548.655:ERROR:filesystem_win.cc(129)] GetFileAttributes C:\Users\ahmad\AppData\Local\Temp\scoped_dir12304_1484472925\Crashpad\attachments\2463b970-d60f-4bf7-a0b8-1601deed5954: The system cannot find the path specified. (0x3)
[1204/224530.556:ERROR:process_reader_win.cc(151)] SuspendThread: Access is denied. (0x5)
[1204/224530.673:ERROR:filesystem_win.cc(129)] GetFileAttributes C:\Users\ahmad\AppData\Local\Temp\scoped_dir20300_635351037\Crashpad\attachments\d0826a1a-4fec-4525-8cc7-72b2e8dba45a: The system cannot find the path specified. (0x3)
[1204/224530.710:ERROR:process_reader_win.cc(151)] SuspendThread: Access is denied. (0x5)
[1204/224530.711:ERROR:process_reader_win.cc(151)] SuspendThread: Access is denied. (0x5)
[1204/224530.711:ERROR:process_reader_win.cc(151)] SuspendThread: Access is denied. (0x5)
[1204/224530.711:ERROR:process_reader_win.cc(151)] SuspendThread: Access is denied. (0x5)
[1204/224530.711:ERROR:process_reader_win.cc(151)] SuspendThread: Access is denied. (0x5)
[1204/224530.711:ERROR:process_reader_win.cc(151)] SuspendThread: Access is denied. (0x5)
[1204/224530.711:ERROR:process_reader_win.cc(151)] SuspendThread: Access is denied. (0x5)
[1204/224530.711:ERROR:process_reader_win.cc(151)] SuspendThread: Access is denied. (0x5)
[1204/224530.711:ERROR:process_reader_win.cc(151)] SuspendThread: Access is denied. (0x5)
[1204/224530.711:ERROR:process_reader_win.cc(151)] SuspendThread: Access is denied. (0x5)
[1204/224530.712:ERROR:process_reader_win.cc(151)] SuspendThread: Access is denied. (0x5)
[1204/224530.712:ERROR:process_reader_win.cc(151)] SuspendThread: Access is denied. (0x5)
[1204/224530.712:ERROR:process_reader_win.cc(151)] SuspendThread: Access is denied. (0x5)
[1204/224531.353:ERROR:process_memory_win.cc(73)] ReadMemory at 0x7ffb72ba9090 of 16 bytes failed: Only part of a ReadProcessMemory or WriteProcessMemory request was completed. (0x12B)
[1204/224531.355:WARNING:pe_image_resource_reader.cc(103)] could not read resource data entry from C:\WINDOWS\System32\SHCORE.dll resources
[1204/224531.356:ERROR:process_memory_win.cc(73)] ReadMemory at 0x7ffb72560000 of 64 bytes failed: Only part of a ReadProcessMemory or WriteProcessMemory request was completed. (0x12B)
[1204/224531.356:WARNING:pe_image_reader.cc(340)] could not read dos header from C:\WINDOWS\System32\shlwapi.dll
[1204/224531.357:ERROR:process_memory_win.cc(73)] ReadMemory at 0x7ffb70a30000 of 64 bytes failed: Only part of a ReadProcessMemory or WriteProcessMemory request was completed. (0x12B)
[1204/224531.357:WARNING:pe_image_reader.cc(340)] could not read dos header from C:\WINDOWS\SYSTEM32\CRYPTBASE.DLL
[1204/224531.357:ERROR:process_memory_win.cc(73)] ReadMemory at 0x7ffb6c030000 of 64 bytes failed: Only part of a ReadProcessMemory or WriteProcessMemory request was completed. (0x12B)
[1204/224531.357:WARNING:pe_image_reader.cc(340)] could not read dos header from C:\WINDOWS\system32\NLAapi.dll
[1204/224531.357:ERROR:process_memory_win.cc(73)] ReadMemory at 0x7ffb71bb0000 of 64 bytes failed: Only part of a ReadProcessMemory or WriteProcessMemory request was completed. (0x12B)
[1204/224531.357:WARNING:pe_image_reader.cc(340)] could not read dos header from C:\WINDOWS\System32\NSI.dll
[1204/224531.357:ERROR:process_memory_win.cc(73)] ReadMemory at 0x7ffb6ec00000 of 64 bytes failed: Only part of a ReadProcessMemory or WriteProcessMemory request was completed. (0x12B)
[1204/224531.359:WARNING:pe_image_reader.cc(340)] could not read dos header from C:\WINDOWS\SYSTEM32\dhcpcsvc6.DLL
[1204/224531.359:ERROR:process_memory_win.cc(73)] ReadMemory at 0x7ffb70530000 of 64 bytes failed: Only part of a ReadProcessMemory or WriteProcessMemory request was completed. (0x12B)
[1204/224531.359:WARNING:pe_image_reader.cc(340)] could not read dos header from C:\WINDOWS\SYSTEM32\DNSAPI.dll
[1204/224531.359:ERROR:process_memory_win.cc(73)] ReadMemory at 0x7ffb6ead0000 of 64 bytes failed: Only part of a ReadProcessMemory or WriteProcessMemory request was completed. (0x12B)
[1204/224531.359:WARNING:pe_image_reader.cc(340)] could not read dos header from C:\WINDOWS\SYSTEM32\wlanapi.dll
[1204/224531.361:ERROR:process_memory_win.cc(73)] ReadMemory at 0x7ffb70f80000 of 64 bytes failed: Only part of a ReadProcessMemory or WriteProcessMemory request was completed. (0x12B)
[1204/224531.361:WARNING:pe_image_reader.cc(340)] could not read dos header from C:\WINDOWS\SYSTEM32\profapi.dll
[1204/224531.362:ERROR:process_memory_win.cc(73)] ReadMemory at 0x7ffb70840000 of 64 bytes failed: Only part of a ReadProcessMemory or WriteProcessMemory request was completed. (0x12B)
[1204/224531.363:WARNING:pe_image_reader.cc(340)] could not read dos header from C:\WINDOWS\system32\mswsock.dll
[1204/224531.363:ERROR:process_memory_win.cc(73)] ReadMemory at 0x7ffb69920000 of 64 bytes failed: Only part of a ReadProcessMemory or WriteProcessMemory request was completed. (0x12B)
[1204/224531.363:WARNING:pe_image_reader.cc(340)] could not read dos header from C:\Windows\System32\rasadhlp.dll
[1204/224531.364:ERROR:process_memory_win.cc(73)] ReadMemory at 0x7ffb5fd10000 of 64 bytes failed: Only part of a ReadProcessMemory or WriteProcessMemory request was completed. (0x12B)
[1204/224531.364:WARNING:pe_image_reader.cc(340)] could not read dos header from C:\WINDOWS\System32\fwpuclnt.dll
[1204/224531.365:ERROR:process_memory_win.cc(73)] ReadMemory at 0x7ffb710f0000 of 64 bytes failed: Only part of a ReadProcessMemory or WriteProcessMemory request was completed. (0x12B)
[1204/224531.366:WARNING:pe_image_reader.cc(340)] could not read dos header from C:\WINDOWS\System32\bcrypt.dll
[1204/224531.366:ERROR:process_memory_win.cc(73)] ReadMemory at 0x7ffb70a10000 of 64 bytes failed: Only part of a ReadProcessMemory or WriteProcessMemory request was completed. (0x12B)
[1204/224531.366:WARNING:pe_image_reader.cc(340)] could not read dos header from C:\WINDOWS\System32\CRYPTSP.dll
[1204/224531.366:ERROR:process_memory_win.cc(73)] ReadMemory at 0x7ffb70160000 of 64 bytes failed: Only part of a ReadProcessMemory or WriteProcessMemory request was completed. (0x12B)
[1204/224531.366:WARNING:pe_image_reader.cc(340)] could not read dos header from C:\WINDOWS\system32\rsaenh.dll
[1204/224531.367:ERROR:process_memory_win.cc(73)] ReadMemory at 0x7ffb6f950000 of 64 bytes failed: Only part of a ReadProcessMemory or WriteProcessMemory request was completed. (0x12B)
[1204/224531.367:WARNING:pe_image_reader.cc(340)] could not read dos header from C:\WINDOWS\SYSTEM32\gpapi.dll
[1204/224531.368:ERROR:process_memory_win.cc(73)] ReadMemory at 0x7ffb5c5b0000 of 64 bytes failed: Only part of a ReadProcessMemory or WriteProcessMemory request was completed. (0x12B)
[1204/224531.368:WARNING:pe_image_reader.cc(340)] could not read dos header from C:\Windows\System32\cryptnet.dll
[1204/224531.368:ERROR:process_memory_win.cc(73)] ReadMemory at 0x7ff627d90000 of 64 bytes failed: Only part of a ReadProcessMemory or WriteProcessMemory request was completed. (0x12B)
[1204/224531.368:WARNING:pe_image_reader.cc(340)] could not read dos header from C:\Program Files (x86)\Google\Chrome\Application\chrome.exe
[1204/224531.368:ERROR:process_memory_win.cc(73)] ReadMemory at 0x7ff627d90000 of 64 bytes failed: Only part of a ReadProcessMemory or WriteProcessMemory request was completed. (0x12B)
[1204/224531.368:WARNING:pe_image_reader.cc(340)] could not read dos header from C:\Program Files (x86)\Google\Chrome\Application\chrome.exe
[1204/225406.602:ERROR:filesystem_win.cc(129)] GetFileAttributes C:\Users\ahmad\AppData\Local\Temp\scoped_dir3432_2074947907\Crashpad\attachments\99dc6fe2-3b9e-43d8-972e-ca68b9294843: The system cannot find the path specified. (0x3)
[1205/155256.059:ERROR:process_reader_win.cc(151)] SuspendThread: Access is denied. (0x5)
[1205/155256.248:ERROR:filesystem_win.cc(129)] GetFileAttributes C:\Users\ahmad\AppData\Local\Temp\scoped_dir2772_143442178\Crashpad\attachments\67a0b0a9-3216-4997-a740-3d1081d1c920: The system cannot find the path specified. (0x3)
[1205/155256.290:ERROR:process_reader_win.cc(151)] SuspendThread: Access is denied. (0x5)
[1205/155256.290:ERROR:process_reader_win.cc(151)] SuspendThread: Access is denied. (0x5)
[1205/155256.292:ERROR:process_reader_win.cc(151)] SuspendThread: Access is denied. (0x5)
[1205/155256.598:ERROR:process_reader_win.cc(151)] SuspendThread: Access is denied. (0x5)
[1205/155256.598:ERROR:process_reader_win.cc(151)] SuspendThread: Access is denied. (0x5)
[1205/155256.598:ERROR:process_reader_win.cc(151)] SuspendThread: Access is denied. (0x5)
[1205/155256.598:ERROR:process_reader_win.cc(151)] SuspendThread: Access is denied. (0x5)
[1205/155256.598:ERROR:process_reader_win.cc(151)] SuspendThread: Access is denied. (0x5)
[1205/155256.600:ERROR:process_reader_win.cc(151)] SuspendThread: Access is denied. (0x5)
[1205/155256.600:ERROR:process_reader_win.cc(151)] SuspendThread: Access is denied. (0x5)
[1205/155256.600:ERROR:process_reader_win.cc(151)] SuspendThread: Access is denied. (0x5)
[1205/155256.600:ERROR:process_reader_win.cc(151)] SuspendThread: Access is denied. (0x5)
[1205/155256.600:ERROR:process_reader_win.cc(151)] SuspendThread: Access is denied. (0x5)
[1205/155256.600:ERROR:process_reader_win.cc(151)] SuspendThread: Access is denied. (0x5)
[1205/155256.601:ERROR:process_reader_win.cc(151)] SuspendThread: Access is denied. (0x5)
[1205/155256.813:ERROR:process_reader_win.cc(151)] SuspendThread: Access is denied. (0x5)
[1205/155256.813:ERROR:process_reader_win.cc(151)] SuspendThread: Access is denied. (0x5)
[1205/155257.110:ERROR:process_reader_win.cc(151)] SuspendThread: Access is denied. (0x5)
[1205/155257.110:ERROR:process_reader_win.cc(151)] SuspendThread: Access is denied. (0x5)
[1205/155257.110:ERROR:process_reader_win.cc(151)] SuspendThread: Access is denied. (0x5)
[1205/155257.110:ERROR:process_reader_win.cc(151)] SuspendThread: Access is denied. (0x5)
[1205/155257.110:ERROR:process_reader_win.cc(151)] SuspendThread: Access is denied. (0x5)
